
**** Rebuild of configuration Default for project gx6 ****

**** Internal Builder is used for build               ****
g++ -O2 -g -Wall -c -fmessage-length=0 -o src\opening\opening.o ..\src\opening\opening.cpp
In file included from ..\src\opening\opening.cpp:5:
..\src\opening\/../saver/saver.h: In member function 'void SaverSummary::SetPos(int)':
..\src\opening\/../saver/saver.h:74: warning: comparison between signed and unsigned integer expressions
..\src\opening\/../saver/saver.h: In member function 'void SaverSummary::SetMoves(int)':
..\src\opening\/../saver/saver.h:81: warning: comparison between signed and unsigned integer expressions
..\src\opening\/../saver/saver.h: In member function 'void SaverSummary::SetWinner(int)':
..\src\opening\/../saver/saver.h:100: warning: comparison between signed and unsigned integer expressions
..\src\opening\opening.cpp: In member function 'void Opening::BuildTable()':
..\src\opening\opening.cpp:136: warning: format '%s' expects type 'char*', but argument 3 has type 'FILE*'
..\src\opening\opening.cpp:149: warning: statement has no effect
..\src\opening\opening.cpp:162: warning: statement has no effect
..\src\opening\opening.cpp:168: warning: comparison between signed and unsigned integer expressions
..\src\opening\opening.cpp:181: warning: statement has no effect
..\src\opening\opening.cpp:184: warning: statement has no effect
..\src\opening\opening.cpp:211: warning: statement has no effect
g++ -O2 -g -Wall -c -fmessage-length=0 -o src\MoveGenerator.o ..\src\MoveGenerator.cpp
g++ -O2 -g -Wall -c -fmessage-length=0 -o src\utilities.o ..\src\utilities.cpp
..\src\utilities.cpp:56:7: warning: extra tokens at end of #endif directive
..\src\utilities.cpp: In function 'void PrintBoard(CellType (*)[19])':
..\src\utilities.cpp:50: warning: enumeration value 'CELL_TYPE_NOT_A_CELL' not handled in switch
g++ -O2 -g -Wall -c -fmessage-length=0 -o src\ComplexBoard.o ..\src\ComplexBoard.cpp
g++ -O2 -g -Wall -c -fmessage-length=0 -o src\GameData.o ..\src\GameData.cpp
g++ -O2 -g -Wall -c -fmessage-length=0 -o src\MoveSearcher.o ..\src\MoveSearcher.cpp
..\src\MoveSearcher.cpp: In member function 'void MoveSearcher::SearchGoodMoves(CellType (*)[19], bool, int)':
..\src\MoveSearcher.cpp:44: warning: format '%d' expects type 'int', but argument 2 has type 'DWORD'
g++ -O2 -g -Wall -c -fmessage-length=0 -o src\saver\saver.o ..\src\saver\saver.cpp
In file included from ..\src\saver\saver.cpp:1:
..\src\saver\/saver.h: In member function 'void SaverSummary::SetPos(int)':
..\src\saver\/saver.h:74: warning: comparison between signed and unsigned integer expressions
..\src\saver\/saver.h: In member function 'void SaverSummary::SetMoves(int)':
..\src\saver\/saver.h:81: warning: comparison between signed and unsigned integer expressions
..\src\saver\/saver.h: In member function 'void SaverSummary::SetWinner(int)':
..\src\saver\/saver.h:100: warning: comparison between signed and unsigned integer expressions
g++ -O2 -g -Wall -c -fmessage-length=0 -o src\RandTable.o ..\src\RandTable.cpp
g++ -O2 -g -Wall -c -fmessage-length=0 -o src\DPointTable.o ..\src\DPointTable.cpp
g++ -O2 -g -Wall -c -fmessage-length=0 -o src\RZDefender.o ..\src\RZDefender.cpp
g++ -O2 -g -Wall -c -fmessage-length=0 -o src\DTSSer.o ..\src\DTSSer.cpp
g++ -O2 -g -Wall -c -fmessage-length=0 -o src\main.o ..\src\main.cpp
..\src\main.cpp:15: warning: ignoring #pragma comment 
..\src\main.cpp: In function 'int main(int, char**)':
..\src\main.cpp:202: warning: comparison between signed and unsigned integer expressions
..\src\main.cpp: In function 'DWORD SearchRequestProcessing(void*)':
..\src\main.cpp:274: warning: no return statement in function returning non-void
g++ -O2 -g -Wall -c -fmessage-length=0 -o src\GameDataGetter.o ..\src\GameDataGetter.cpp
g++ -O2 -g -Wall -c -fmessage-length=0 -o src\Zone.o ..\src\Zone.cpp
g++ -O2 -g -Wall -c -fmessage-length=0 -o src\SegmentTable.o ..\src\SegmentTable.cpp
g++ -O2 -g -Wall -c -fmessage-length=0 -o src\ProcessResources.o ..\src\ProcessResources.cpp
g++ -O2 -g -Wall -c -fmessage-length=0 -o src\Evaluator.o ..\src\Evaluator.cpp
..\src\Evaluator.cpp: In constructor 'Evaluator::Evaluator()':
..\src\Evaluator.cpp:25: warning: comparison between signed and unsigned integer expressions
..\src\Evaluator.cpp:25: warning: comparison between signed and unsigned integer expressions
g++ -O2 -g -Wall -c -fmessage-length=0 -o src\OpeningFinder.o ..\src\OpeningFinder.cpp
g++ -O2 -g -Wall -c -fmessage-length=0 -o src\GameDataGetterIO.o ..\src\GameDataGetterIO.cpp
g++ -O2 -g -Wall -c -fmessage-length=0 -o src\HistoryScore.o ..\src\HistoryScore.cpp
g++ -O2 -g -Wall -c -fmessage-length=0 -o src\Frame.o ..\src\Frame.cpp
..\src\Frame.cpp: In member function 'int Frame::IDMTDF(bool)':
..\src\Frame.cpp:195: warning: format '%d' expects type 'int', but argument 2 has type 'clock_t'
g++ -o gx6 src\utilities.o src\saver\saver.o src\opening\opening.o src\main.o src\Zone.o src\SegmentTable.o src\RandTable.o src\RZDefender.o src\ProcessResources.o src\OpeningFinder.o src\MoveSearcher.o src\MoveGenerator.o src\HistoryScore.o src\GameDataGetterIO.o src\GameDataGetter.o src\GameData.o src\Frame.o src\Evaluator.o src\DTSSer.o src\DPointTable.o src\ComplexBoard.o -lwsock32
Build complete for project gx6
Time consumed: 7990  ms.  
